undefined undefined
Server is success and listening on port：3101!
[0mGET / [32m200 [0m16.037 ms - 659[0m
[0mGET /static/css/app.40a67a8060b7076eeed4a080368d0211.css [32m200 [0m6.645 ms - 523[0m
[0mGET /static/js/manifest.2ae2e69a05c33dfc65f8.js [32m200 [0m7.903 ms - 857[0m
[0mGET /static/js/app.1b3c06e9bf70437a723a.js [32m200 [0m7.631 ms - 19717[0m
[0mGET /static/styles/iview.css [32m200 [0m7.726 ms - 297859[0m
[0mGET /static/js/vendor.ec47f93987da1696c871.js [32m200 [0m8.301 ms - 698492[0m
[0mGET /static/styles/fonts/ionicons.ttf?v=3.0.0 [32m200 [0m0.757 ms - 197664[0m
[0mGET /favicon.ico [33m404 [0m283.822 ms - 1245[0m
[0mGET /static/styles/iview.css [36m304 [0m1.135 ms - -[0m
[0mGET /static/css/app.40a67a8060b7076eeed4a080368d0211.css [36m304 [0m1.625 ms - -[0m
[0mGET /static/js/manifest.2ae2e69a05c33dfc65f8.js.map [32m200 [0m1.374 ms - 4972[0m
[0mGET /static/js/app.1b3c06e9bf70437a723a.js.map [32m200 [0m1.247 ms - 61539[0m
[0mGET /static/js/vendor.ec47f93987da1696c871.js.map [32m200 [0m1.240 ms - 3012002[0m
[0mGET /static/css/app.40a67a8060b7076eeed4a080368d0211.css.map [32m200 [0m0.754 ms - 1072[0m
[0mGET / [36m304 [0m1.426 ms - -[0m
[0mGET /static/styles/iview.css [36m304 [0m1.726 ms - -[0m
[0mGET /static/css/app.40a67a8060b7076eeed4a080368d0211.css [36m304 [0m1.721 ms - -[0m
[0mGET /static/js/manifest.2ae2e69a05c33dfc65f8.js [36m304 [0m1.797 ms - -[0m
[0mGET /static/js/vendor.ec47f93987da1696c871.js [36m304 [0m1.570 ms - -[0m
[0mGET /static/js/app.1b3c06e9bf70437a723a.js [36m304 [0m1.410 ms - -[0m
[0mGET /static/styles/fonts/ionicons.ttf?v=3.0.0 [36m304 [0m0.482 ms - -[0m
[0mGET / [36m304 [0m1.288 ms - -[0m
[0mGET /static/styles/iview.css [36m304 [0m4.164 ms - -[0m
[0mGET /static/css/app.40a67a8060b7076eeed4a080368d0211.css [36m304 [0m4.105 ms - -[0m
[0mGET /static/js/manifest.2ae2e69a05c33dfc65f8.js [36m304 [0m2.495 ms - -[0m
[0mGET /static/js/vendor.ec47f93987da1696c871.js [36m304 [0m2.465 ms - -[0m
[0mGET /static/js/app.1b3c06e9bf70437a723a.js [36m304 [0m2.194 ms - -[0m
[0mGET /static/styles/fonts/ionicons.ttf?v=3.0.0 [36m304 [0m0.377 ms - -[0m
Server is success and listening on port：3101!
[0mGET / [32m200 [0m17.323 ms - 692[0m
[0mGET /static/css/app.577fb8ed22a3b4788fe0c4c74a5041e4.css [32m200 [0m5.048 ms - 673[0m
[0mGET /static/js/manifest.2ae2e69a05c33dfc65f8.js [32m200 [0m6.661 ms - 857[0m
[0mGET /static/js/app.ad5d16ecd1e1d7220835.js [32m200 [0m5.836 ms - 20005[0m
[0mGET /static/styles/iview.css [32m200 [0m6.009 ms - 297859[0m
[0mGET /static/js/vendor.91504e694afb886747cc.js [32m200 [0m6.008 ms - 701987[0m
[0mGET / [32m200 [0m1.591 ms - 692[0m
[0mGET /static/css/app.577fb8ed22a3b4788fe0c4c74a5041e4.css [32m200 [0m2.510 ms - 673[0m
[0mGET /static/js/manifest.2ae2e69a05c33dfc65f8.js [32m200 [0m2.553 ms - 857[0m
[0mGET /static/js/app.ad5d16ecd1e1d7220835.js [32m200 [0m2.385 ms - 20005[0m
[0mGET /static/styles/iview.css [32m200 [0m2.595 ms - 297859[0m
[0mGET /static/js/vendor.91504e694afb886747cc.js [32m200 [0m2.245 ms - 701987[0m
[0mGET /static/js/manifest.2ae2e69a05c33dfc65f8.js.map [32m200 [0m0.585 ms - 4972[0m
[0mGET /static/css/app.577fb8ed22a3b4788fe0c4c74a5041e4.css.map [32m200 [0m1.683 ms - 1343[0m
[0mGET /static/js/app.ad5d16ecd1e1d7220835.js.map [32m200 [0m1.454 ms - 62647[0m
[0mGET /static/js/vendor.91504e694afb886747cc.js.map [32m200 [0m1.863 ms - 3026810[0m
[0mGET /static/styles/fonts/ionicons.ttf?v=3.0.0 [32m200 [0m0.515 ms - 197664[0m
[0mGET /favicon.ico [33m404 [0m409.353 ms - 1245[0m
Server is success and listening on port：3101!
Server is success and listening on port：3101!
