events.js:160
      throw er; // Unhandled 'error' event
      ^

Error: listen EADDRINUSE :::3101
    at Object.exports._errnoException (util.js:1018:11)
    at exports._exceptionWithHostPort (util.js:1041:20)
    at Server._listen2 (net.js:1258:14)
    at listen (net.js:1294:10)
    at Server.listen (net.js:1390:5)
    at Object.<anonymous> (C:\Users\Administrator\Desktop\demo\myapp\app.js:42:5)
    at Module._compile (module.js:570:32)
    at Object.Module._extensions..js (module.js:579:10)
    at Module.load (module.js:487:32)
    at tryModuleLoad (module.js:446:12)
events.js:160
      throw er; // Unhandled 'error' event
      ^

Error: listen EADDRINUSE :::3101
    at Object.exports._errnoException (util.js:1018:11)
    at exports._exceptionWithHostPort (util.js:1041:20)
    at Server._listen2 (net.js:1258:14)
    at listen (net.js:1294:10)
    at Server.listen (net.js:1390:5)
    at Object.<anonymous> (C:\Users\Administrator\Desktop\demo\myapp\app.js:42:5)
    at Module._compile (module.js:570:32)
    at Object.Module._extensions..js (module.js:579:10)
    at Module.load (module.js:487:32)
    at tryModuleLoad (module.js:446:12)
events.js:160
      throw er; // Unhandled 'error' event
      ^

Error: listen EADDRINUSE :::3101
    at Object.exports._errnoException (util.js:1018:11)
    at exports._exceptionWithHostPort (util.js:1041:20)
    at Server._listen2 (net.js:1258:14)
    at listen (net.js:1294:10)
    at Server.listen (net.js:1390:5)
    at Object.<anonymous> (C:\Users\Administrator\Desktop\demo\myapp\app.js:42:5)
    at Module._compile (module.js:570:32)
    at Object.Module._extensions..js (module.js:579:10)
    at Module.load (module.js:487:32)
    at tryModuleLoad (module.js:446:12)
C:\Users\Administrator\Desktop\demo\myapp\node_modules\node-windows\lib\wrapper.js:177
    child.send('shutdown');
         ^

TypeError: Cannot read property 'send' of null
    at process.killkid (C:\Users\Administrator\Desktop\demo\myapp\node_modules\node-windows\lib\wrapper.js:177:10)
    at emitOne (events.js:96:13)
    at process.emit (events.js:188:7)
    at process.exit (internal/process.js:164:15)
    at monitor (C:\Users\Administrator\Desktop\demo\myapp\node_modules\node-windows\lib\wrapper.js:99:17)
    at ChildProcess.<anonymous> (C:\Users\Administrator\Desktop\demo\myapp\node_modules\node-windows\lib\wrapper.js:170:5)
    at emitTwo (events.js:106:13)
    at ChildProcess.emit (events.js:191:7)
    at Process.ChildProcess._handle.onexit (internal/child_process.js:215:12)
C:\Users\Administrator\Desktop\demo\myapp\node_modules\mysql\lib\protocol\Parser.js:80
        throw err; // Rethrow non-MySQL errors
        ^

TypeError: req.body.entry_time.format is not a function
    at C:\Users\Administrator\Desktop\demo\myapp\routes\index.js:41:58
    at Query.<anonymous> (C:\Users\Administrator\Desktop\demo\myapp\config\database.js:15:13)
    at Query.<anonymous> (C:\Users\Administrator\Desktop\demo\myapp\node_modules\mysql\lib\Connection.js:502:10)
    at Query._callback (C:\Users\Administrator\Desktop\demo\myapp\node_modules\mysql\lib\Connection.js:468:16)
    at Query.Sequence.end (C:\Users\Administrator\Desktop\demo\myapp\node_modules\mysql\lib\protocol\sequences\Sequence.js:83:24)
    at Query._handleFinalResultPacket (C:\Users\Administrator\Desktop\demo\myapp\node_modules\mysql\lib\protocol\sequences\Query.js:139:8)
    at Query.EofPacket (C:\Users\Administrator\Desktop\demo\myapp\node_modules\mysql\lib\protocol\sequences\Query.js:123:8)
    at Protocol._parsePacket (C:\Users\Administrator\Desktop\demo\myapp\node_modules\mysql\lib\protocol\Protocol.js:278:23)
    at Parser.write (C:\Users\Administrator\Desktop\demo\myapp\node_modules\mysql\lib\protocol\Parser.js:76:12)
    at Protocol.write (C:\Users\Administrator\Desktop\demo\myapp\node_modules\mysql\lib\protocol\Protocol.js:38:16)
C:\Users\Administrator\Desktop\demo\myapp\node_modules\mysql\lib\protocol\Parser.js:80
        throw err; // Rethrow non-MySQL errors
        ^

TypeError: req.body.entry_time.format is not a function
    at C:\Users\Administrator\Desktop\demo\myapp\routes\index.js:41:58
    at Query.<anonymous> (C:\Users\Administrator\Desktop\demo\myapp\config\database.js:15:13)
    at Query.<anonymous> (C:\Users\Administrator\Desktop\demo\myapp\node_modules\mysql\lib\Connection.js:502:10)
    at Query._callback (C:\Users\Administrator\Desktop\demo\myapp\node_modules\mysql\lib\Connection.js:468:16)
    at Query.Sequence.end (C:\Users\Administrator\Desktop\demo\myapp\node_modules\mysql\lib\protocol\sequences\Sequence.js:83:24)
    at Query._handleFinalResultPacket (C:\Users\Administrator\Desktop\demo\myapp\node_modules\mysql\lib\protocol\sequences\Query.js:139:8)
    at Query.EofPacket (C:\Users\Administrator\Desktop\demo\myapp\node_modules\mysql\lib\protocol\sequences\Query.js:123:8)
    at Protocol._parsePacket (C:\Users\Administrator\Desktop\demo\myapp\node_modules\mysql\lib\protocol\Protocol.js:278:23)
    at Parser.write (C:\Users\Administrator\Desktop\demo\myapp\node_modules\mysql\lib\protocol\Parser.js:76:12)
    at Protocol.write (C:\Users\Administrator\Desktop\demo\myapp\node_modules\mysql\lib\protocol\Protocol.js:38:16)
